2025-05-22 00:03:04 INFO  o.s.o.j.LocalContainerEntityManagerFactoryBean - Closing JPA EntityManagerFactory for persistence unit 'default'
2025-05-22 00:03:04 INFO  com.zaxxer.hikari.HikariDataSource - HikariPool-1 - Shutdown initiated...
2025-05-22 00:03:04 INFO  com.zaxxer.hikari.HikariDataSource - HikariPool-1 - Shutdown completed.
2025-05-22 00:03:05 INFO  com.payflow.PayFlowApplication - Starting PayFlowApplication using Java 21.0.6 with PID 5382 (/Users/niharika/IdeaProjects/PayFlow/target/classes started by niharika in /Users/niharika/IdeaProjects/PayFlow)
2025-05-22 00:03:05 INFO  com.payflow.PayFlowApplication - No active profile set, falling back to 1 default profile: "default"
2025-05-22 00:03:05 INFO  o.s.d.r.c.RepositoryConfigurationDelegate - Bootstrapping Spring Data JPA repositories in DEFAULT mode.
2025-05-22 00:03:05 INFO  o.s.d.r.c.RepositoryConfigurationDelegate - Finished Spring Data repository scanning in 19 ms. Found 6 JPA repository interfaces.
2025-05-22 00:03:05 INFO  o.s.b.w.e.tomcat.TomcatWebServer - Tomcat initialized with port 8080 (http)
2025-05-22 00:03:05 INFO  o.a.coyote.http11.Http11NioProtocol - Initializing ProtocolHandler ["http-nio-8080"]
2025-05-22 00:03:05 INFO  o.a.catalina.core.StandardService - Starting service [Tomcat]
2025-05-22 00:03:05 INFO  o.a.catalina.core.StandardEngine - Starting Servlet engine: [Apache Tomcat/10.1.16]
2025-05-22 00:03:05 INFO  o.a.c.c.C.[Tomcat].[localhost].[/] - Initializing Spring embedded WebApplicationContext
2025-05-22 00:03:05 INFO  o.s.b.w.s.c.ServletWebServerApplicationContext - Root WebApplicationContext: initialization completed in 451 ms
2025-05-22 00:03:05 INFO  com.zaxxer.hikari.HikariDataSource - HikariPool-1 - Starting...
2025-05-22 00:03:05 INFO  com.zaxxer.hikari.pool.HikariPool - HikariPool-1 - Added connection com.mysql.cj.jdbc.ConnectionImpl@5bec3e0
2025-05-22 00:03:05 INFO  com.zaxxer.hikari.HikariDataSource - HikariPool-1 - Start completed.
2025-05-22 00:03:05 INFO  o.h.jpa.internal.util.LogHelper - HHH000204: Processing PersistenceUnitInfo [name: default]
2025-05-22 00:03:05 INFO  org.hibernate.Version - HHH000412: Hibernate ORM core version 6.3.1.Final
2025-05-22 00:03:05 INFO  o.h.c.i.RegionFactoryInitiator - HHH000026: Second-level cache disabled
2025-05-22 00:03:05 INFO  o.s.o.j.p.SpringPersistenceUnitInfo - No LoadTimeWeaver setup: ignoring JPA class transformer
2025-05-22 00:03:06 INFO  o.h.e.t.j.p.i.JtaPlatformInitiator - HHH000489: No JTA platform available (set 'hibernate.transaction.jta.platform' to enable JTA platform integration)
2025-05-22 00:03:06 INFO  o.s.o.j.LocalContainerEntityManagerFactoryBean - Initialized JPA EntityManagerFactory for persistence unit 'default'
2025-05-22 00:03:06 WARN  o.s.b.a.o.j.JpaBaseConfiguration$JpaWebConfiguration - spring.jpa.open-in-view is enabled by default. Therefore, database queries may be performed during view rendering. Explicitly configure spring.jpa.open-in-view to disable this warning
2025-05-22 00:03:06 INFO  o.s.b.a.w.s.WelcomePageHandlerMapping - Adding welcome page: class path resource [static/index.html]
2025-05-22 00:03:06 INFO  o.s.s.web.DefaultSecurityFilterChain - Will secure any request with [org.springframework.security.web.session.DisableEncodeUrlFilter@77737e3e, org.springframework.security.web.context.request.async.WebAsyncManagerIntegrationFilter@42e32feb, org.springframework.security.web.context.SecurityContextHolderFilter@3aebdb4, org.springframework.security.web.header.HeaderWriterFilter@113a89c5, org.springframework.web.filter.CorsFilter@3652dd19, org.springframework.security.web.authentication.logout.LogoutFilter@39303a6, com.payflow.security.JwtAuthFilter@7d12fb85, org.springframework.security.web.savedrequest.RequestCacheAwareFilter@1db7c267, org.springframework.security.web.servletapi.SecurityContextHolderAwareRequestFilter@516370c1, org.springframework.security.web.authentication.AnonymousAuthenticationFilter@6b6cf3c1, org.springframework.security.web.session.SessionManagementFilter@347f0950, org.springframework.security.web.access.ExceptionTranslationFilter@407ff25f, org.springframework.security.web.access.intercept.AuthorizationFilter@eb77241]
2025-05-22 00:03:06 INFO  o.a.coyote.http11.Http11NioProtocol - Starting ProtocolHandler ["http-nio-8080"]
2025-05-22 00:03:06 INFO  o.s.b.w.e.tomcat.TomcatWebServer - Tomcat started on port 8080 (http) with context path ''
2025-05-22 00:03:06 INFO  com.payflow.PayFlowApplication - Started PayFlowApplication in 1.861 seconds (process running for 2.039)
2025-05-22 00:03:09 INFO  o.a.c.c.C.[Tomcat].[localhost].[/] - Initializing Spring DispatcherServlet 'dispatcherServlet'
2025-05-22 00:03:09 INFO  o.s.web.servlet.DispatcherServlet - Initializing Servlet 'dispatcherServlet'
2025-05-22 00:03:09 INFO  o.s.web.servlet.DispatcherServlet - Completed initialization in 1 ms
2025-05-22 00:03:09 WARN  o.s.w.s.h.HandlerMappingIntrospector - Cache miss for REQUEST dispatch to '/dashboard.html' (previous null). Performing CorsConfiguration lookup. This is logged once only at WARN level, and every time at TRACE.
2025-05-22 00:03:09 WARN  o.s.w.s.h.HandlerMappingIntrospector - Cache miss for REQUEST dispatch to '/dashboard.html' (previous null). Performing MatchableHandlerMapping lookup. This is logged once only at WARN level, and every time at TRACE.
2025-05-22 00:03:09 INFO  c.payflow.controller.AuthController - User info requested for username: joe_doe
2025-05-22 00:04:04 INFO  c.payflow.controller.AuthController - Signup attempt for username: joe_doe
2025-05-22 00:04:05 INFO  c.payflow.controller.AuthController - User registered successfully: joe_doe
2025-05-22 00:04:06 INFO  c.payflow.controller.AuthController - User info requested for username: joe_doe
